

============================== 2021-12-22 23:46:05.744923 | 7ec90e3b-48e3-4dbf-85d5-2f9cb1bb12d0 ==============================
23:46:05.744923 [info ] [MainThread]: Running with dbt=1.0.0
23:46:05.745789 [debug] [MainThread]: running dbt with arguments Namespace(record_timing_info=None, debug=None, log_format=None, write_json=None, use_colors=None, printer_width=None, warn_error=None, version_check=None, partial_parse=None, single_threaded=False, use_experimental_parser=None, static_parser=None, profiles_dir='/Users/luislugo/.dbt', send_anonymous_usage_stats=None, fail_fast=None, event_buffer_size=None, project_dir=None, profile=None, target=None, vars='{}', log_cache_events=False, config_dir=False, defer=None, state=None, cls=<class 'dbt.task.debug.DebugTask'>, which='debug', rpc_method=None)
23:46:05.746319 [debug] [MainThread]: Tracking: tracking
23:46:05.791821 [debug] [MainThread]: Sending event: {'category': 'dbt', 'action': 'invocation', 'label': 'start', 'context': [<snowplow_tracker.self_describing_json.SelfDescribingJson object at 0x10d69e310>, <snowplow_tracker.self_describing_json.SelfDescribingJson object at 0x10d69e430>, <snowplow_tracker.self_describing_json.SelfDescribingJson object at 0x10d6a1850>]}
23:46:09.238355 [debug] [MainThread]: Executing "git --help"
23:46:09.339503 [debug] [MainThread]: STDOUT: "b"usage: git [--version] [--help] [-C <path>] [-c <name>=<value>]\n           [--exec-path[=<path>]] [--html-path] [--man-path] [--info-path]\n           [-p | --paginate | -P | --no-pager] [--no-replace-objects] [--bare]\n           [--git-dir=<path>] [--work-tree=<path>] [--namespace=<name>]\n           [--super-prefix=<path>] [--config-env=<name>=<envvar>]\n           <command> [<args>]\n\nThese are common Git commands used in various situations:\n\nstart a working area (see also: git help tutorial)\n   clone     Clone a repository into a new directory\n   init      Create an empty Git repository or reinitialize an existing one\n\nwork on the current change (see also: git help everyday)\n   add       Add file contents to the index\n   mv        Move or rename a file, a directory, or a symlink\n   restore   Restore working tree files\n   rm        Remove files from the working tree and from the index\n\nexamine the history and state (see also: git help revisions)\n   bisect    Use binary search to find the commit that introduced a bug\n   diff      Show changes between commits, commit and working tree, etc\n   grep      Print lines matching a pattern\n   log       Show commit logs\n   show      Show various types of objects\n   status    Show the working tree status\n\ngrow, mark and tweak your common history\n   branch    List, create, or delete branches\n   commit    Record changes to the repository\n   merge     Join two or more development histories together\n   rebase    Reapply commits on top of another base tip\n   reset     Reset current HEAD to the specified state\n   switch    Switch branches\n   tag       Create, list, delete or verify a tag object signed with GPG\n\ncollaborate (see also: git help workflows)\n   fetch     Download objects and refs from another repository\n   pull      Fetch from and integrate with another repository or a local branch\n   push      Update remote refs along with associated objects\n\n'git help -a' and 'git help -g' list available subcommands and some\nconcept guides. See 'git help <command>' or 'git help <concept>'\nto read about a specific subcommand or concept.\nSee 'git help git' for an overview of the system.\n""
23:46:09.340600 [debug] [MainThread]: STDERR: "b''"
23:46:09.360760 [debug] [MainThread]: Acquiring new snowflake connection "debug"
23:46:09.363204 [debug] [MainThread]: Using snowflake connection "debug"
23:46:09.363612 [debug] [MainThread]: On debug: select 1 as id
23:46:09.364144 [debug] [MainThread]: Opening a new connection, currently in state init
23:46:12.404908 [debug] [MainThread]: SQL status: SUCCESS 1 in 3.04 seconds
23:46:12.409163 [debug] [MainThread]: On debug: Close
23:46:12.633061 [debug] [MainThread]: Sending event: {'category': 'dbt', 'action': 'invocation', 'label': 'end', 'context': [<snowplow_tracker.self_describing_json.SelfDescribingJson object at 0x10e383460>, <snowplow_tracker.self_describing_json.SelfDescribingJson object at 0x10d805520>, <snowplow_tracker.self_describing_json.SelfDescribingJson object at 0x10e3ca700>]}
23:46:12.980320 [debug] [MainThread]: Connection 'debug' was properly closed.


============================== 2021-12-22 23:46:35.194413 | 8dacf3f6-5cc3-4c64-82f7-e64114ccdfa2 ==============================
23:46:35.194413 [info ] [MainThread]: Running with dbt=1.0.0
23:46:35.199539 [debug] [MainThread]: running dbt with arguments Namespace(record_timing_info=None, debug=None, log_format=None, write_json=None, use_colors=None, printer_width=None, warn_error=None, version_check=None, partial_parse=None, single_threaded=False, use_experimental_parser=None, static_parser=None, profiles_dir='/Users/luislugo/.dbt', send_anonymous_usage_stats=None, fail_fast=None, event_buffer_size=None, project_dir=None, profile=None, target=None, vars='{}', log_cache_events=False, threads=None, select=None, exclude=None, selector_name=None, state=None, defer=None, full_refresh=False, cls=<class 'dbt.task.run.RunTask'>, which='run', rpc_method='run')
23:46:35.200436 [debug] [MainThread]: Tracking: tracking
23:46:35.202114 [debug] [MainThread]: Sending event: {'category': 'dbt', 'action': 'invocation', 'label': 'start', 'context': [<snowplow_tracker.self_describing_json.SelfDescribingJson object at 0x104432af0>, <snowplow_tracker.self_describing_json.SelfDescribingJson object at 0x1044324c0>, <snowplow_tracker.self_describing_json.SelfDescribingJson object at 0x1044327f0>]}
23:46:35.369405 [info ] [MainThread]: Partial parse save file not found. Starting full parse.
23:46:35.370292 [debug] [MainThread]: Sending event: {'category': 'dbt', 'action': 'partial_parser', 'label': '8dacf3f6-5cc3-4c64-82f7-e64114ccdfa2', 'context': [<snowplow_tracker.self_describing_json.SelfDescribingJson object at 0x1044952e0>]}
23:46:35.475041 [debug] [MainThread]: Parsing macros/catalog.sql
23:46:35.481311 [debug] [MainThread]: Parsing macros/adapters.sql
23:46:35.662682 [debug] [MainThread]: Parsing macros/materializations/merge.sql
23:46:35.707999 [debug] [MainThread]: Parsing macros/materializations/seed.sql
23:46:35.774730 [debug] [MainThread]: Parsing macros/materializations/view.sql
23:46:35.779962 [debug] [MainThread]: Parsing macros/materializations/table.sql
23:46:35.805658 [debug] [MainThread]: Parsing macros/materializations/incremental.sql
23:46:35.850043 [debug] [MainThread]: Parsing macros/materializations/snapshot.sql
23:46:35.854474 [debug] [MainThread]: Parsing macros/materializations/hooks.sql
23:46:35.874575 [debug] [MainThread]: Parsing macros/materializations/configs.sql
23:46:35.879577 [debug] [MainThread]: Parsing macros/materializations/snapshots/snapshot_merge.sql
23:46:35.882963 [debug] [MainThread]: Parsing macros/materializations/snapshots/strategies.sql
23:46:36.008498 [debug] [MainThread]: Parsing macros/materializations/snapshots/helpers.sql
23:46:36.063046 [debug] [MainThread]: Parsing macros/materializations/snapshots/snapshot.sql
23:46:36.143167 [debug] [MainThread]: Parsing macros/materializations/tests/test.sql
23:46:36.154905 [debug] [MainThread]: Parsing macros/materializations/tests/helpers.sql
23:46:36.162104 [debug] [MainThread]: Parsing macros/materializations/tests/where_subquery.sql
23:46:36.171675 [debug] [MainThread]: Parsing macros/materializations/models/incremental/column_helpers.sql
23:46:36.195955 [debug] [MainThread]: Parsing macros/materializations/models/incremental/merge.sql
23:46:36.302065 [debug] [MainThread]: Parsing macros/materializations/models/incremental/is_incremental.sql
23:46:36.326140 [debug] [MainThread]: Parsing macros/materializations/models/incremental/incremental.sql
23:46:36.423854 [debug] [MainThread]: Parsing macros/materializations/models/incremental/on_schema_change.sql
23:46:36.496298 [debug] [MainThread]: Parsing macros/materializations/models/table/table.sql
23:46:36.539132 [debug] [MainThread]: Parsing macros/materializations/models/table/create_table_as.sql
23:46:36.555746 [debug] [MainThread]: Parsing macros/materializations/models/view/view.sql
23:46:36.586628 [debug] [MainThread]: Parsing macros/materializations/models/view/helpers.sql
23:46:36.592504 [debug] [MainThread]: Parsing macros/materializations/models/view/create_or_replace_view.sql
23:46:36.603337 [debug] [MainThread]: Parsing macros/materializations/models/view/create_view_as.sql
23:46:36.627355 [debug] [MainThread]: Parsing macros/materializations/seeds/seed.sql
23:46:36.709249 [debug] [MainThread]: Parsing macros/materializations/seeds/helpers.sql
23:46:36.822058 [debug] [MainThread]: Parsing macros/get_custom_name/get_custom_alias.sql
23:46:36.832596 [debug] [MainThread]: Parsing macros/get_custom_name/get_custom_schema.sql
23:46:36.841047 [debug] [MainThread]: Parsing macros/get_custom_name/get_custom_database.sql
23:46:36.845817 [debug] [MainThread]: Parsing macros/generic_test_sql/relationships.sql
23:46:36.848567 [debug] [MainThread]: Parsing macros/generic_test_sql/not_null.sql
23:46:36.850516 [debug] [MainThread]: Parsing macros/generic_test_sql/unique.sql
23:46:36.854273 [debug] [MainThread]: Parsing macros/generic_test_sql/accepted_values.sql
23:46:36.859637 [debug] [MainThread]: Parsing macros/etc/statement.sql
23:46:36.885299 [debug] [MainThread]: Parsing macros/etc/datetime.sql
23:46:36.962354 [debug] [MainThread]: Parsing macros/adapters/schema.sql
23:46:36.975976 [debug] [MainThread]: Parsing macros/adapters/indexes.sql
23:46:36.985994 [debug] [MainThread]: Parsing macros/adapters/relation.sql
23:46:37.040264 [debug] [MainThread]: Parsing macros/adapters/freshness.sql
23:46:37.055775 [debug] [MainThread]: Parsing macros/adapters/persist_docs.sql
23:46:37.091787 [debug] [MainThread]: Parsing macros/adapters/metadata.sql
23:46:37.114502 [debug] [MainThread]: Parsing macros/adapters/columns.sql
23:46:37.144934 [debug] [MainThread]: Parsing tests/generic/builtin.sql
23:46:37.787630 [debug] [MainThread]: 1699: static parser successfully parsed example/my_first_dbt_model.sql
23:46:37.824401 [debug] [MainThread]: 1699: static parser successfully parsed example/my_second_dbt_model.sql
23:46:37.956472 [debug] [MainThread]: Sending event: {'category': 'dbt', 'action': 'load_project', 'label': '8dacf3f6-5cc3-4c64-82f7-e64114ccdfa2', 'context': [<snowplow_tracker.self_describing_json.SelfDescribingJson object at 0x104588f70>]}
23:46:37.972810 [debug] [MainThread]: Sending event: {'category': 'dbt', 'action': 'resource_counts', 'label': '8dacf3f6-5cc3-4c64-82f7-e64114ccdfa2', 'context': [<snowplow_tracker.self_describing_json.SelfDescribingJson object at 0x104588a60>]}
23:46:37.973416 [info ] [MainThread]: Found 2 models, 4 tests, 0 snapshots, 0 analyses, 179 macros, 0 operations, 0 seed files, 0 sources, 0 exposures, 0 metrics
23:46:37.976335 [info ] [MainThread]: 
23:46:37.977388 [debug] [MainThread]: Acquiring new snowflake connection "master"
23:46:37.978995 [debug] [ThreadPool]: Acquiring new snowflake connection "list_PC_DBT_DB"
23:46:38.010202 [debug] [ThreadPool]: Using snowflake connection "list_PC_DBT_DB"
23:46:38.011368 [debug] [ThreadPool]: On list_PC_DBT_DB: /* {"app": "dbt", "dbt_version": "1.0.0", "profile_name": "demo_dbt", "target_name": "dev", "connection_name": "list_PC_DBT_DB"} */

    show terse schemas in database PC_DBT_DB
    limit 10000
23:46:38.011988 [debug] [ThreadPool]: Opening a new connection, currently in state init
23:46:40.280429 [debug] [ThreadPool]: SQL status: SUCCESS 6 in 2.27 seconds
23:46:40.298184 [debug] [ThreadPool]: On list_PC_DBT_DB: Close
23:46:40.584248 [debug] [ThreadPool]: Acquiring new snowflake connection "list_PC_DBT_DB_dbt_RGonzalezRamirez"
23:46:40.603726 [debug] [ThreadPool]: Using snowflake connection "list_PC_DBT_DB_dbt_RGonzalezRamirez"
23:46:40.604295 [debug] [ThreadPool]: On list_PC_DBT_DB_dbt_RGonzalezRamirez: /* {"app": "dbt", "dbt_version": "1.0.0", "profile_name": "demo_dbt", "target_name": "dev", "connection_name": "list_PC_DBT_DB_dbt_RGonzalezRamirez"} */

    show terse objects in PC_DBT_DB.dbt_RGonzalezRamirez
23:46:40.604778 [debug] [ThreadPool]: Opening a new connection, currently in state closed
23:46:41.900323 [debug] [ThreadPool]: SQL status: SUCCESS 0 in 1.3 seconds
23:46:41.904359 [debug] [ThreadPool]: On list_PC_DBT_DB_dbt_RGonzalezRamirez: Close
23:46:42.473812 [info ] [MainThread]: Concurrency: 3 threads (target='dev')
23:46:42.474776 [info ] [MainThread]: 
23:46:42.523340 [debug] [Thread-1  ]: Began running node model.demo_dbt.my_first_dbt_model
23:46:42.524395 [info ] [Thread-1  ]: 1 of 2 START table model dbt_RGonzalezRamirez.my_first_dbt_model................ [RUN]
23:46:42.525969 [debug] [Thread-1  ]: Acquiring new snowflake connection "model.demo_dbt.my_first_dbt_model"
23:46:42.526575 [debug] [Thread-1  ]: Began compiling node model.demo_dbt.my_first_dbt_model
23:46:42.527129 [debug] [Thread-1  ]: Compiling model.demo_dbt.my_first_dbt_model
23:46:42.537468 [debug] [Thread-1  ]: Writing injected SQL for node "model.demo_dbt.my_first_dbt_model"
23:46:42.539253 [debug] [Thread-1  ]: finished collecting timing info
23:46:42.539812 [debug] [Thread-1  ]: Began executing node model.demo_dbt.my_first_dbt_model
23:46:42.638061 [debug] [Thread-1  ]: Writing runtime SQL for node "model.demo_dbt.my_first_dbt_model"
23:46:42.643081 [debug] [Thread-1  ]: Using snowflake connection "model.demo_dbt.my_first_dbt_model"
23:46:42.644295 [debug] [Thread-1  ]: On model.demo_dbt.my_first_dbt_model: /* {"app": "dbt", "dbt_version": "1.0.0", "profile_name": "demo_dbt", "target_name": "dev", "node_id": "model.demo_dbt.my_first_dbt_model"} */


      create or replace transient table PC_DBT_DB.dbt_RGonzalezRamirez.my_first_dbt_model  as
      (/*
    Welcome to your first dbt model!
    Did you know that you can also configure models directly within SQL files?
    This will override configurations stated in dbt_project.yml

    Try changing "table" to "view" below
*/



with source_data as (

    select 1 as id
    union all
    select null as id

)

select *
from source_data

/*
    Uncomment the line below to remove records with null `id` values
*/

-- where id is not null
      );
23:46:42.645624 [debug] [Thread-1  ]: Opening a new connection, currently in state closed
23:46:45.681625 [debug] [Thread-1  ]: SQL status: SUCCESS 1 in 3.04 seconds
23:46:45.712689 [debug] [Thread-1  ]: finished collecting timing info
23:46:45.713376 [debug] [Thread-1  ]: On model.demo_dbt.my_first_dbt_model: Close
23:46:45.947676 [debug] [Thread-1  ]: Sending event: {'category': 'dbt', 'action': 'run_model', 'label': '8dacf3f6-5cc3-4c64-82f7-e64114ccdfa2', 'context': [<snowplow_tracker.self_describing_json.SelfDescribingJson object at 0x1050e9820>]}
23:46:45.949051 [info ] [Thread-1  ]: 1 of 2 OK created table model dbt_RGonzalezRamirez.my_first_dbt_model........... [[32mSUCCESS 1[0m in 3.42s]
23:46:45.951917 [debug] [Thread-1  ]: Finished running node model.demo_dbt.my_first_dbt_model
23:46:45.953480 [debug] [Thread-3  ]: Began running node model.demo_dbt.my_second_dbt_model
23:46:45.954269 [info ] [Thread-3  ]: 2 of 2 START view model dbt_RGonzalezRamirez.my_second_dbt_model................ [RUN]
23:46:45.955695 [debug] [Thread-3  ]: Acquiring new snowflake connection "model.demo_dbt.my_second_dbt_model"
23:46:45.956346 [debug] [Thread-3  ]: Began compiling node model.demo_dbt.my_second_dbt_model
23:46:45.956720 [debug] [Thread-3  ]: Compiling model.demo_dbt.my_second_dbt_model
23:46:45.961035 [debug] [Thread-3  ]: Writing injected SQL for node "model.demo_dbt.my_second_dbt_model"
23:46:45.962241 [debug] [Thread-3  ]: finished collecting timing info
23:46:45.962779 [debug] [Thread-3  ]: Began executing node model.demo_dbt.my_second_dbt_model
23:46:46.028072 [debug] [Thread-3  ]: Writing runtime SQL for node "model.demo_dbt.my_second_dbt_model"
23:46:46.029998 [debug] [Thread-3  ]: Using snowflake connection "model.demo_dbt.my_second_dbt_model"
23:46:46.030387 [debug] [Thread-3  ]: On model.demo_dbt.my_second_dbt_model: /* {"app": "dbt", "dbt_version": "1.0.0", "profile_name": "demo_dbt", "target_name": "dev", "node_id": "model.demo_dbt.my_second_dbt_model"} */

  create or replace  view PC_DBT_DB.dbt_RGonzalezRamirez.my_second_dbt_model 
  
   as (
    -- Use the `ref` function to select from other models

select *
from PC_DBT_DB.dbt_RGonzalezRamirez.my_first_dbt_model
where id = 1
  );
23:46:46.030686 [debug] [Thread-3  ]: Opening a new connection, currently in state init
23:46:47.492116 [debug] [Thread-3  ]: SQL status: SUCCESS 1 in 1.46 seconds
23:46:47.496440 [debug] [Thread-3  ]: finished collecting timing info
23:46:47.497063 [debug] [Thread-3  ]: On model.demo_dbt.my_second_dbt_model: Close
23:46:47.752093 [debug] [Thread-3  ]: Sending event: {'category': 'dbt', 'action': 'run_model', 'label': '8dacf3f6-5cc3-4c64-82f7-e64114ccdfa2', 'context': [<snowplow_tracker.self_describing_json.SelfDescribingJson object at 0x1050d5370>]}
23:46:47.753504 [info ] [Thread-3  ]: 2 of 2 OK created view model dbt_RGonzalezRamirez.my_second_dbt_model........... [[32mSUCCESS 1[0m in 1.80s]
23:46:47.754701 [debug] [Thread-3  ]: Finished running node model.demo_dbt.my_second_dbt_model
23:46:47.757021 [debug] [MainThread]: Acquiring new snowflake connection "master"
23:46:47.757925 [info ] [MainThread]: 
23:46:47.758503 [info ] [MainThread]: Finished running 1 table model, 1 view model in 9.78s.
23:46:47.759324 [debug] [MainThread]: Connection 'master' was properly closed.
23:46:47.759648 [debug] [MainThread]: Connection 'model.demo_dbt.my_first_dbt_model' was properly closed.
23:46:47.759870 [debug] [MainThread]: Connection 'model.demo_dbt.my_second_dbt_model' was properly closed.
23:46:47.771854 [info ] [MainThread]: 
23:46:47.772987 [info ] [MainThread]: [32mCompleted successfully[0m
23:46:47.773874 [info ] [MainThread]: 
23:46:47.774721 [info ] [MainThread]: Done. PASS=2 WARN=0 ERROR=0 SKIP=0 TOTAL=2
23:46:47.775729 [debug] [MainThread]: Sending event: {'category': 'dbt', 'action': 'invocation', 'label': 'end', 'context': [<snowplow_tracker.self_describing_json.SelfDescribingJson object at 0x1045880a0>, <snowplow_tracker.self_describing_json.SelfDescribingJson object at 0x104588250>, <snowplow_tracker.self_describing_json.SelfDescribingJson object at 0x10500ae80>]}


============================== 2022-01-04 03:01:39.287205 | 890ad73b-5e80-47a0-b9cf-7887c6e72881 ==============================
03:01:39.287205 [info ] [MainThread]: Running with dbt=1.0.0
03:01:39.291292 [debug] [MainThread]: running dbt with arguments Namespace(record_timing_info=None, debug=None, log_format=None, write_json=None, use_colors=None, printer_width=None, warn_error=None, version_check=None, partial_parse=None, single_threaded=False, use_experimental_parser=None, static_parser=None, profiles_dir='/Users/luislugo/.dbt', send_anonymous_usage_stats=None, fail_fast=None, event_buffer_size=None, project_dir=None, profile=None, target=None, vars='{}', log_cache_events=False, defer=None, state=None, cls=<class 'dbt.task.deps.DepsTask'>, which='deps', rpc_method='deps')
03:01:39.292240 [debug] [MainThread]: Tracking: tracking
03:01:39.292940 [debug] [MainThread]: Sending event: {'category': 'dbt', 'action': 'invocation', 'label': 'start', 'context': [<snowplow_tracker.self_describing_json.SelfDescribingJson object at 0x10c13aeb0>, <snowplow_tracker.self_describing_json.SelfDescribingJson object at 0x10c13a9a0>, <snowplow_tracker.self_describing_json.SelfDescribingJson object at 0x10c13a400>]}
03:01:39.296118 [debug] [MainThread]: Set downloads directory='/var/folders/05/511my9w97896x6q_0y4gt5gr0000gn/T/dbt-downloads-0ncvs_8f'
03:01:39.297230 [debug] [MainThread]: Making package registry request: GET https://hub.getdbt.com/api/v1/index.json
03:01:39.860228 [debug] [MainThread]: Response from registry: GET https://hub.getdbt.com/api/v1/index.json 200
03:01:39.861309 [debug] [MainThread]: Making package registry request: GET https://hub.getdbt.com/api/v1/dbt-labs/dbt_utils.json
03:01:40.182355 [debug] [MainThread]: Response from registry: GET https://hub.getdbt.com/api/v1/dbt-labs/dbt_utils.json 200
03:01:40.226979 [debug] [MainThread]: Making package registry request: GET https://hub.getdbt.com/api/v1/dbt-labs/dbt_utils/0.7.1.json
03:01:40.547664 [debug] [MainThread]: Response from registry: GET https://hub.getdbt.com/api/v1/dbt-labs/dbt_utils/0.7.1.json 200
03:01:40.548942 [debug] [MainThread]: Making package registry request: GET https://hub.getdbt.com/api/v1/dbt-labs/dbt_utils.json
03:01:40.892888 [debug] [MainThread]: Response from registry: GET https://hub.getdbt.com/api/v1/dbt-labs/dbt_utils.json 200
03:01:40.943620 [debug] [MainThread]: Making package registry request: GET https://hub.getdbt.com/api/v1/dbt-labs/dbt_utils/0.7.1.json
03:01:41.262732 [debug] [MainThread]: Response from registry: GET https://hub.getdbt.com/api/v1/dbt-labs/dbt_utils/0.7.1.json 200
03:01:41.263394 [info ] [MainThread]: Installing version 0.7.1
03:01:41.987411 [info ] [MainThread]:   Installed from version 0.7.1
03:01:41.988300 [info ] [MainThread]:   Updated version available: 0.8.0
03:01:41.989145 [debug] [MainThread]: Sending event: {'category': 'dbt', 'action': 'package', 'label': '890ad73b-5e80-47a0-b9cf-7887c6e72881', 'property_': 'install', 'context': [<snowplow_tracker.self_describing_json.SelfDescribingJson object at 0x10c13a220>, <snowplow_tracker.self_describing_json.SelfDescribingJson object at 0x10c124880>]}
03:01:41.989792 [info ] [MainThread]: 
03:01:41.990458 [info ] [MainThread]: Updates available for packages: ['dbt-labs/dbt_utils']                 
Update your versions in packages.yml, then run dbt deps
03:01:41.994490 [debug] [MainThread]: Sending event: {'category': 'dbt', 'action': 'invocation', 'label': 'end', 'context': [<snowplow_tracker.self_describing_json.SelfDescribingJson object at 0x10c148d30>, <snowplow_tracker.self_describing_json.SelfDescribingJson object at 0x10c148730>, <snowplow_tracker.self_describing_json.SelfDescribingJson object at 0x10c124670>]}
